Arguments: 
  E:\Program Files\nodejs\node.exe C:\Users\CHEN\AppData\Roaming\npm\node_modules\yarn\bin\yarn.js add node-sass --save

PATH: 
  C:\Windows\system32;C:\Windows;C:\Windows\System32\Wbem;C:\Windows\System32\WindowsPowerShell\v1.0\;C:\Program Files (x86)\AMD\ATI.ACE\Core-Static;E:\Program Files\nodejs\;D:\Program Files\Git\cmd;C:\Program Files\MongoDB\Server\3.2\bin;D:\Program Files (x86)\GraphicsMagick-1.3.25-Q16;D:\Program Files\Java\jdk1.8.0_05\bin;D:\Program Files\Java\jdk1.8.0_05\jre\bin;D:\ProgramFiles\Android\sdk\tools;D:\ProgramFiles\Android\sdk\platform-tools;D:\Program Files\Android\Android Studio\bin;C:\Users\CHEN\AppData\Roaming\npm;D:\Program Files (x86)\Microsoft VS Code\bin;C:\Users\CHEN\AppData\Local\atom\bin

Yarn version: 
  0.24.5

Node version: 
  6.10.3

Platform: 
  win32 x64

npm manifest: 
  {
    "name": "gallerybyreact",
    "version": "0.0.0",
    "description": "",
    "repository": "",
    "private": true,
    "src": "src",
    "test": "test",
    "dist": "dist",
    "mainInput": "GalleryByReactApp",
    "mainOutput": "main",
    "dependencies": {
      "react": "0.13.x",
      "normalize.css": "~3.0.3"
    },
    "devDependencies": {
      "autoprefixer-loader": "^2.0.0",
      "babel": "^5.0.0",
      "babel-loader": "^5.0.0",
      "css-loader": "~0.9.0",
      "eslint": "^0.21.2",
      "eslint-loader": "^0.11.2",
      "eslint-plugin-react": "^2.4.0",
      "grunt": "~0.4.5",
      "grunt-contrib-clean": "~0.6.0",
      "grunt-contrib-connect": "~0.8.0",
      "grunt-contrib-copy": "~0.5.0",
      "grunt-karma": "~0.8.3",
      "grunt-open": "~0.2.3",
      "grunt-webpack": "~1.0.8",
      "jasmine-core": "^2.3.4",
      "json-loader": "^0.5.2",
      "karma": "~0.12.21",
      "karma-jasmine": "^0.3.5",
      "karma-phantomjs-launcher": "~0.1.3",
      "karma-script-launcher": "~0.1.0",
      "karma-webpack": "^1.5.0",
      "load-grunt-tasks": "~0.6.0",
      "react-hot-loader": "^1.0.7",
      "sass-loader": "^1.0.1",
      "style-loader": "~0.8.0",
      "url-loader": "~0.5.5",
      "webpack": "~1.10.0",
      "webpack-dev-server": "~1.10.0"
    }
  }

yarn manifest: 
  No manifest

Lockfile: 
  No lockfile

Trace: 
  Error: EEXIST: file already exists, mkdir 'C:\Users\CHEN\Desktop\gallery-by-react-master\node_modules\cross-spawn'
      at Error (native)
